        -:    0:Source:unittest1.c
        -:    0:Graph:unittest1.gcno
        -:    0:Data:unittest1.gcda
        -:    0:Runs:1
        -:    0:Programs:1
        -:    1:#include "dominion.h"
        -:    2:#include "dominion_helpers.h"
        -:    3:#include <string.h>
        -:    4:#include <stdio.h>
        -:    5:#include <assert.h>
        -:    6:#include "rngs.h"
        -:    7:#include <stdlib.h>
        -:    8:
        -:    9://getCost
        -:   10:int main(){
        -:   11:
        1:   12:	int count = 0; //counts failed test
        1:   13:	int k[10] = {adventurer, embargo, village, minion, mine, cutpurse,
        -:   14:			sea_hag, tribute, smithy, council_room};
        -:   15:
       22:   16:	for (int i = 0; i < 10; i++){
       10:   17:		if (getCost(k[i]) <= 8)// province is highest at value 8
       10:   18:			printf("%d PASS", k[i]);
        -:   19:		else{
    #####:   20:			printf("%d FAIL#####", k[i]);
    #####:   21:			count++;
        -:   22:		}
       10:   23:	}
        -:   24:
        1:   25:	if (count == 0){
        1:   26:		printf("Unittest1 - getCost() completed with no errors\n");
        1:   27:	}
        -:   28:
        1:   29:	return 0;
        -:   30:
        -:   31:}
