        -:    0:Source:unittest2.c
        -:    0:Graph:unittest2.gcno
        -:    0:Data:unittest2.gcda
        -:    0:Runs:1
        -:    0:Programs:1
        -:    1:#include "dominion.h"
        -:    2:#include "dominion_helpers.h"
        -:    3:#include <string.h>
        -:    4:#include <stdio.h>
        -:    5:#include <assert.h>
        -:    6:#include "rngs.h"
        -:    7:#include <stdlib.h>
        -:    8:
        -:    9://whoseTurn
        -:   10:int main(){
        -:   11:
        -:   12:
        1:   13:	int count = 0;
        -:   14:	struct gameState state;
        -:   15:
        1:   16:	int player = 0;
        -:   17:
       10:   18:	for (int i = 0; i < 4; i++){//4 players
        4:   19:		state.whoseTurn = i;
        4:   20:		if (whoseTurn(&state) == i){
        4:   21:			printf("**SUCCESS\n");
        4:   22:		}
        -:   23:		else{
    #####:   24:			printf("##Test Fail player %d was incorrect", i);
    #####:   25:			count++;
        -:   26:		}
        -:   27:
        4:   28:	}
        -:   29:
        1:   30:	if (count == 0){
        1:   31:		printf("Unittest2 - whoseTurn() completed with no errors\n");
        1:   32:	}
        -:   33:	
        1:   34:	return 0;
        -:   35:}
