        -:    0:Source:unittest4.c
        -:    0:Graph:unittest4.gcno
        -:    0:Data:unittest4.gcda
        -:    0:Runs:1
        -:    0:Programs:1
        -:    1:#include "dominion.h"
        -:    2:#include "dominion_helpers.h"
        -:    3:#include <string.h>
        -:    4:#include <stdio.h>
        -:    5:#include <assert.h>
        -:    6:#include "rngs.h"
        -:    7:#include <stdlib.h>
        -:    8:
        -:    9://kingdomCards 
        -:   10:int main(){
        1:   11:	int count = 0;
        1:   12:	int k1=1;
        1:   13:	int k2=2;
        1:   14:	int k3=3;
        1:   15:	int k4=4;
        1:   16:	int k5=5;
        1:   17:	int k6=6;
        1:   18:	int k7=7;
        1:   19:	int k8=8;
        1:   20:	int k9=9;
        1:   21:	int k10=10;
        -:   22:
        1:   23:	int* k = kingdomCards(k1,k2,k3,k4,k5,k6,k7,k8,k9,k10);
        -:   24:	//int* k = kingdomCards(k1,k2,k3,k4,k5,k6,k7,k8,k9,k9); //can check incorrectness with this init
        -:   25:
        1:   26:	if (k[0] != k1){
    #####:   27:		printf("Card Incorrect at index 0\n");
    #####:   28:		count++;
        -:   29:
    #####:   30:	}
        1:   31:	if (k[1] != k2){
    #####:   32:		printf("Card Incorrect at index 1\n");
    #####:   33:		count++;
        -:   34:
    #####:   35:	}
        1:   36:	if (k[2] != k3){
    #####:   37:		printf("Card Incorrect at index 2\n");
    #####:   38:		count++;
        -:   39:
    #####:   40:	}
        1:   41:	if (k[3] != k4){
    #####:   42:		printf("Card Incorrect at index 3\n");
    #####:   43:		count++;
        -:   44:
    #####:   45:	}
        1:   46:	if (k[4] != k5){
    #####:   47:		printf("Card Incorrect at index 4\n");
    #####:   48:		count++;
        -:   49:
    #####:   50:	}
        1:   51:	if (k[5] != k6){
    #####:   52:		printf("Card Incorrect at index 5\n");
    #####:   53:		count++;
        -:   54:
    #####:   55:	}
        1:   56:	if (k[6] != k7){
    #####:   57:		printf("Card Incorrect at index 6\n");
    #####:   58:		count++;
        -:   59:
    #####:   60:	}
        1:   61:	if (k[7] != k8){
    #####:   62:		printf("Card Incorrect at index 7\n");
    #####:   63:		count++;
        -:   64:
    #####:   65:	}
        1:   66:	if (k[8] != k9){
    #####:   67:		printf("Card Incorrect at index 8\n");
    #####:   68:		count++;
        -:   69:
    #####:   70:	}
        1:   71:	if (k[9] != k10){
    #####:   72:		printf("Card Incorrect at index 9\n");
    #####:   73:		count++;
        -:   74:
    #####:   75:	}
        -:   76:
        1:   77:	if (count == 0){
        1:   78:		printf("**Unittest4 -kingdomCards completed with no errors\n");
        1:   79:	}
        -:   80:
        1:   81:	return 0;
        -:   82:
        -:   83:}
